2025-09-11 20:41:13,181 [INFO] Fetching standings data...
2025-09-11 20:41:14,124 [INFO] Fetching teams data...
2025-09-11 20:41:15,045 [INFO] Fetching schedule data...
2025-09-11 21:00:56,958 [INFO] ✅ schedule_silver table created (if not already present).
2025-09-11 21:01:48,245 [INFO] Fetching standings data...
2025-09-11 21:05:52,173 [INFO] Fetching standings data...
2025-09-11 21:06:17,861 [INFO] ✅ standings_silver table created (if not already present).
2025-09-11 21:07:01,365 [INFO] Fetching standings data...
2025-09-11 21:08:20,236 [INFO] Fetching standings data...
2025-09-11 21:08:20,463 [INFO] Inserted 30 rows into standings_silver
2025-09-11 21:08:21,042 [INFO] Fetching teams data...
2025-09-11 21:08:21,130 [INFO] Inserted 30 rows into teams_silver
2025-09-11 21:08:21,741 [INFO] Fetching schedule data...
2025-09-11 21:10:25,264 [INFO] Fetching standings data...
2025-09-11 21:10:25,430 [INFO] Inserted 30 rows into standings_silver
2025-09-11 21:10:26,020 [INFO] Fetching teams data...
2025-09-11 21:10:26,098 [INFO] Inserted 30 rows into teams_silver
2025-09-11 21:10:26,709 [INFO] Fetching schedule data...
2025-09-11 21:10:26,916 [INFO] Inserted 9 rows into schedule_silver
2025-09-11 21:12:26,915 [INFO] Building watchability DataFrame...
2025-09-11 21:12:26,935 [INFO] ✅ watchability_gold updated with 9 rows
2025-09-12 14:11:56,293 [INFO] Building watchability DataFrame...
2025-09-12 14:11:58,160 [INFO] watchability_gold updated with 39 rows
2025-09-12 14:34:07,212 [INFO] Building watchability DataFrame...
2025-09-12 14:34:09,082 [INFO] watchability_gold updated with 15 rows
2025-09-12 14:59:02,880 [INFO] watchability_silver updated with 15 rows
2025-09-12 14:59:04,336 [INFO] watchability_gold updated with 15 rows
